<?xml version="1.0" encoding="UTF-8" ?>
<testsuite failures="1" time="2.428" errors="2" skipped="0" tests="3" name="de.vt.cantstop.aop.GameRecordAspectTest">
  <properties>
    <property name="java.runtime.name" value="Java(TM) SE Runtime Environment"/>
    <property name="sun.boot.library.path" value="/usr/lib/jvm/java-7-oracle/jre/lib/amd64"/>
    <property name="java.vm.version" value="24.72-b04"/>
    <property name="java.vm.vendor" value="Oracle Corporation"/>
    <property name="java.vendor.url" value="http://java.oracle.com/"/>
    <property name="path.separator" value=":"/>
    <property name="guice.disable.misplaced.annotation.check" value="true"/>
    <property name="java.vm.name" value="Java HotSpot(TM) 64-Bit Server VM"/>
    <property name="file.encoding.pkg" value="sun.io"/>
    <property name="user.country" value="DE"/>
    <property name="sun.java.launcher" value="SUN_STANDARD"/>
    <property name="sun.os.patch.level" value="unknown"/>
    <property name="java.vm.specification.name" value="Java Virtual Machine Specification"/>
    <property name="user.dir" value="/home/buxi/development/git/de.buxi.cantstop/CantStop"/>
    <property name="java.runtime.version" value="1.7.0_72-b14"/>
    <property name="java.awt.graphicsenv" value="sun.awt.X11GraphicsEnvironment"/>
    <property name="java.endorsed.dirs" value="/usr/lib/jvm/java-7-oracle/jre/lib/endorsed"/>
    <property name="os.arch" value="amd64"/>
    <property name="java.io.tmpdir" value="/tmp"/>
    <property name="line.separator" value="
"/>
    <property name="java.vm.specification.vendor" value="Oracle Corporation"/>
    <property name="os.name" value="Linux"/>
    <property name="classworlds.conf" value="/usr/share/maven/bin/m2.conf"/>
    <property name="sun.jnu.encoding" value="UTF-8"/>
    <property name="java.library.path" value="/usr/java/packages/lib/amd64:/usr/lib64:/lib64:/lib:/usr/lib"/>
    <property name="java.specification.name" value="Java Platform API Specification"/>
    <property name="java.class.version" value="51.0"/>
    <property name="sun.management.compiler" value="HotSpot 64-Bit Tiered Compilers"/>
    <property name="os.version" value="3.13.0-39-generic"/>
    <property name="user.home" value="/home/buxi"/>
    <property name="user.timezone" value="Europe/Berlin"/>
    <property name="java.awt.printerjob" value="sun.print.PSPrinterJob"/>
    <property name="file.encoding" value="UTF-8"/>
    <property name="java.specification.version" value="1.7"/>
    <property name="user.name" value="buxi"/>
    <property name="java.class.path" value="/usr/share/maven/boot/plexus-classworlds-2.x.jar"/>
    <property name="java.vm.specification.version" value="1.7"/>
    <property name="sun.arch.data.model" value="64"/>
    <property name="java.home" value="/usr/lib/jvm/java-7-oracle/jre"/>
    <property name="sun.java.command" value="org.codehaus.plexus.classworlds.launcher.Launcher clean install"/>
    <property name="java.specification.vendor" value="Oracle Corporation"/>
    <property name="user.language" value="de"/>
    <property name="awt.toolkit" value="sun.awt.X11.XToolkit"/>
    <property name="java.vm.info" value="mixed mode"/>
    <property name="java.version" value="1.7.0_72"/>
    <property name="java.ext.dirs" value="/usr/lib/jvm/java-7-oracle/jre/lib/ext:/usr/java/packages/lib/ext"/>
    <property name="securerandom.source" value="file:/dev/./urandom"/>
    <property name="sun.boot.class.path" value="/usr/lib/jvm/java-7-oracle/jre/lib/resources.jar:/usr/lib/jvm/java-7-oracle/jre/lib/rt.jar:/usr/lib/jvm/java-7-oracle/jre/lib/sunrsasign.jar:/usr/lib/jvm/java-7-oracle/jre/lib/jsse.jar:/usr/lib/jvm/java-7-oracle/jre/lib/jce.jar:/usr/lib/jvm/java-7-oracle/jre/lib/charsets.jar:/usr/lib/jvm/java-7-oracle/jre/lib/jfr.jar:/usr/lib/jvm/java-7-oracle/jre/classes"/>
    <property name="java.vendor" value="Oracle Corporation"/>
    <property name="maven.home" value="/usr/share/maven"/>
    <property name="file.separator" value="/"/>
    <property name="java.vendor.url.bug" value="http://bugreport.sun.com/bugreport/"/>
    <property name="sun.cpu.endian" value="little"/>
    <property name="sun.io.unicode.encoding" value="UnicodeLittle"/>
    <property name="sun.desktop" value="gnome"/>
    <property name="sun.cpu.isalist" value=""/>
  </properties>
  <testcase time="0.056" classname="de.vt.cantstop.aop.GameRecordAspectTest" name="testRecordExecutePairs">
    <failure message="2 row expected expected:&lt;2&gt; but was:&lt;0&gt;" type="java.lang.AssertionError">java.lang.AssertionError: 2 row expected expected:&lt;2&gt; but was:&lt;0&gt;
	at org.junit.Assert.fail(Assert.java:88)
	at org.junit.Assert.failNotEquals(Assert.java:743)
	at org.junit.Assert.assertEquals(Assert.java:118)
	at org.junit.Assert.assertEquals(Assert.java:555)
	at de.vt.cantstop.aop.GameRecordAspectTest.testRecordExecutePairs(GameRecordAspectTest.java:91)
	at sun.reflect.NativeMethodAccessorImpl.invoke0(Native Method)
	at sun.reflect.NativeMethodAccessorImpl.invoke(NativeMethodAccessorImpl.java:57)
	at sun.reflect.DelegatingMethodAccessorImpl.invoke(DelegatingMethodAccessorImpl.java:43)
	at java.lang.reflect.Method.invoke(Method.java:606)
	at org.junit.runners.model.FrameworkMethod$1.runReflectiveCall(FrameworkMethod.java:47)
	at org.junit.internal.runners.model.ReflectiveCallable.run(ReflectiveCallable.java:12)
	at org.junit.runners.model.FrameworkMethod.invokeExplosively(FrameworkMethod.java:44)
	at org.junit.internal.runners.statements.InvokeMethod.evaluate(InvokeMethod.java:17)
	at org.springframework.test.context.junit4.statements.RunBeforeTestMethodCallbacks.evaluate(RunBeforeTestMethodCallbacks.java:72)
	at org.springframework.test.context.junit4.statements.RunAfterTestMethodCallbacks.evaluate(RunAfterTestMethodCallbacks.java:81)
	at org.springframework.test.context.junit4.statements.SpringRepeat.evaluate(SpringRepeat.java:72)
	at org.junit.runners.ParentRunner.runLeaf(ParentRunner.java:271)
	at org.springframework.test.context.junit4.SpringJUnit4ClassRunner.runChild(SpringJUnit4ClassRunner.java:216)
	at org.springframework.test.context.junit4.SpringJUnit4ClassRunner.runChild(SpringJUnit4ClassRunner.java:82)
	at org.junit.runners.ParentRunner$3.run(ParentRunner.java:238)
	at org.junit.runners.ParentRunner$1.schedule(ParentRunner.java:63)
	at org.junit.runners.ParentRunner.runChildren(ParentRunner.java:236)
	at org.junit.runners.ParentRunner.access$000(ParentRunner.java:53)
	at org.junit.runners.ParentRunner$2.evaluate(ParentRunner.java:229)
	at org.springframework.test.context.junit4.statements.RunBeforeTestClassCallbacks.evaluate(RunBeforeTestClassCallbacks.java:60)
	at org.springframework.test.context.junit4.statements.RunAfterTestClassCallbacks.evaluate(RunAfterTestClassCallbacks.java:67)
	at org.junit.runners.ParentRunner.run(ParentRunner.java:309)
	at org.springframework.test.context.junit4.SpringJUnit4ClassRunner.run(SpringJUnit4ClassRunner.java:162)
	at org.apache.maven.surefire.junit4.JUnit4TestSet.execute(JUnit4TestSet.java:53)
	at org.apache.maven.surefire.junit4.JUnit4Provider.executeTestSet(JUnit4Provider.java:123)
	at org.apache.maven.surefire.junit4.JUnit4Provider.invoke(JUnit4Provider.java:104)
	at sun.reflect.NativeMethodAccessorImpl.invoke0(Native Method)
	at sun.reflect.NativeMethodAccessorImpl.invoke(NativeMethodAccessorImpl.java:57)
	at sun.reflect.DelegatingMethodAccessorImpl.invoke(DelegatingMethodAccessorImpl.java:43)
	at java.lang.reflect.Method.invoke(Method.java:606)
	at org.apache.maven.surefire.util.ReflectionUtils.invokeMethodWithArray(ReflectionUtils.java:164)
	at org.apache.maven.surefire.booter.ProviderFactory$ProviderProxy.invoke(ProviderFactory.java:110)
	at org.apache.maven.surefire.booter.SurefireStarter.invokeProvider(SurefireStarter.java:175)
	at org.apache.maven.surefire.booter.SurefireStarter.runSuitesInProcessWhenForked(SurefireStarter.java:107)
	at org.apache.maven.surefire.booter.ForkedBooter.main(ForkedBooter.java:68)
</failure>
    <system-out>11 Nov 2014 11:25:31,867  INFO [main] (AbstractTestContextBootstrapper.java:181) - Using TestExecutionListeners: [org.springframework.test.context.support.DependencyInjectionTestExecutionListener@35f89644, com.github.springtestdbunit.DbUnitTestExecutionListener@5351660a]
11 Nov 2014 11:25:32,066  INFO [main] (XmlBeanDefinitionReader.java:317) - Loading XML bean definitions from class path resource [test-aop-robot-context.xml]
11 Nov 2014 11:25:32,263  INFO [main] (XmlBeanDefinitionReader.java:317) - Loading XML bean definitions from class path resource [test-database-context.xml]
11 Nov 2014 11:25:32,313  INFO [main] (XmlBeanDefinitionReader.java:317) - Loading XML bean definitions from class path resource [test-model-context.xml]
11 Nov 2014 11:25:32,429  INFO [main] (XmlBeanDefinitionReader.java:317) - Loading XML bean definitions from class path resource [test-model-context.xml]
11 Nov 2014 11:25:32,484  INFO [main] (DefaultListableBeanFactory.java:793) - Overriding bean definition for bean &apos;diceFactory&apos;: replacing [Generic bean: class [de.vt.cantstop.model.DiceFactory]; scope=; abstract=false; lazyInit=false; autowireMode=0; dependencyCheck=0; autowireCandidate=true; primary=false; factoryBeanName=null; factoryMethodName=null; initMethodName=null; destroyMethodName=null; defined in class path resource [test-model-context.xml]] with [Generic bean: class [de.vt.cantstop.model.DiceFactory]; scope=; abstract=false; lazyInit=false; autowireMode=0; dependencyCheck=0; autowireCandidate=true; primary=false; factoryBeanName=null; factoryMethodName=null; initMethodName=null; destroyMethodName=null; defined in class path resource [test-model-context.xml]]
11 Nov 2014 11:25:32,486  INFO [main] (DefaultListableBeanFactory.java:793) - Overriding bean definition for bean &apos;gameFactory&apos;: replacing [Generic bean: class [de.vt.cantstop.model.GameFactory]; scope=; abstract=false; lazyInit=false; autowireMode=0; dependencyCheck=0; autowireCandidate=true; primary=false; factoryBeanName=null; factoryMethodName=null; initMethodName=null; destroyMethodName=null; defined in class path resource [test-model-context.xml]] with [Generic bean: class [de.vt.cantstop.model.GameFactory]; scope=; abstract=false; lazyInit=false; autowireMode=0; dependencyCheck=0; autowireCandidate=true; primary=false; factoryBeanName=null; factoryMethodName=null; initMethodName=null; destroyMethodName=null; defined in class path resource [test-model-context.xml]]
11 Nov 2014 11:25:32,488  INFO [main] (DefaultListableBeanFactory.java:793) - Overriding bean definition for bean &apos;normalDice&apos;: replacing [Generic bean: class [null]; scope=prototype; abstract=false; lazyInit=false; autowireMode=0; dependencyCheck=0; autowireCandidate=true; primary=false; factoryBeanName=diceFactory; factoryMethodName=createNormalDice; initMethodName=null; destroyMethodName=null; defined in class path resource [test-model-context.xml]] with [Generic bean: class [null]; scope=prototype; abstract=false; lazyInit=false; autowireMode=0; dependencyCheck=0; autowireCandidate=true; primary=false; factoryBeanName=diceFactory; factoryMethodName=createNormalDice; initMethodName=null; destroyMethodName=null; defined in class path resource [test-model-context.xml]]
11 Nov 2014 11:25:32,489  INFO [main] (DefaultListableBeanFactory.java:793) - Overriding bean definition for bean &apos;normalDiceSet&apos;: replacing [Generic bean: class [null]; scope=; abstract=false; lazyInit=false; autowireMode=0; dependencyCheck=0; autowireCandidate=true; primary=false; factoryBeanName=diceFactory; factoryMethodName=createNormalDiceSet; initMethodName=null; destroyMethodName=null; defined in class path resource [test-model-context.xml]] with [Generic bean: class [null]; scope=; abstract=false; lazyInit=false; autowireMode=0; dependencyCheck=0; autowireCandidate=true; primary=false; factoryBeanName=diceFactory; factoryMethodName=createNormalDiceSet; initMethodName=null; destroyMethodName=null; defined in class path resource [test-model-context.xml]]
11 Nov 2014 11:25:32,491  INFO [main] (DefaultListableBeanFactory.java:793) - Overriding bean definition for bean &apos;diceManager&apos;: replacing [Generic bean: class [de.vt.cantstop.model.DiceManager]; scope=; abstract=false; lazyInit=false; autowireMode=0; dependencyCheck=0; autowireCandidate=true; primary=false; factoryBeanName=null; factoryMethodName=null; initMethodName=null; destroyMethodName=null; defined in class path resource [test-model-context.xml]] with [Generic bean: class [de.vt.cantstop.model.DiceManager]; scope=; abstract=false; lazyInit=false; autowireMode=0; dependencyCheck=0; autowireCandidate=true; primary=false; factoryBeanName=null; factoryMethodName=null; initMethodName=null; destroyMethodName=null; defined in class path resource [test-model-context.xml]]
11 Nov 2014 11:25:32,492  INFO [main] (DefaultListableBeanFactory.java:793) - Overriding bean definition for bean &apos;blueMarkers&apos;: replacing [Generic bean: class [null]; scope=prototype; abstract=false; lazyInit=false; autowireMode=0; dependencyCheck=0; autowireCandidate=true; primary=false; factoryBeanName=gameFactory; factoryMethodName=createMarkers; initMethodName=null; destroyMethodName=null; defined in class path resource [test-model-context.xml]] with [Generic bean: class [null]; scope=prototype; abstract=false; lazyInit=false; autowireMode=0; dependencyCheck=0; autowireCandidate=true; primary=false; factoryBeanName=gameFactory; factoryMethodName=createMarkers; initMethodName=null; destroyMethodName=null; defined in class path resource [test-model-context.xml]]
11 Nov 2014 11:25:32,494  INFO [main] (DefaultListableBeanFactory.java:793) - Overriding bean definition for bean &apos;blackMarkers&apos;: replacing [Generic bean: class [null]; scope=prototype; abstract=false; lazyInit=false; autowireMode=0; dependencyCheck=0; autowireCandidate=true; primary=false; factoryBeanName=gameFactory; factoryMethodName=createMarkers; initMethodName=null; destroyMethodName=null; defined in class path resource [test-model-context.xml]] with [Generic bean: class [null]; scope=prototype; abstract=false; lazyInit=false; autowireMode=0; dependencyCheck=0; autowireCandidate=true; primary=false; factoryBeanName=gameFactory; factoryMethodName=createMarkers; initMethodName=null; destroyMethodName=null; defined in class path resource [test-model-context.xml]]
11 Nov 2014 11:25:32,496  INFO [main] (DefaultListableBeanFactory.java:793) - Overriding bean definition for bean &apos;yellowMarkers&apos;: replacing [Generic bean: class [null]; scope=prototype; abstract=false; lazyInit=false; autowireMode=0; dependencyCheck=0; autowireCandidate=true; primary=false; factoryBeanName=gameFactory; factoryMethodName=createMarkers; initMethodName=null; destroyMethodName=null; defined in class path resource [test-model-context.xml]] with [Generic bean: class [null]; scope=prototype; abstract=false; lazyInit=false; autowireMode=0; dependencyCheck=0; autowireCandidate=true; primary=false; factoryBeanName=gameFactory; factoryMethodName=createMarkers; initMethodName=null; destroyMethodName=null; defined in class path resource [test-model-context.xml]]
11 Nov 2014 11:25:32,497  INFO [main] (DefaultListableBeanFactory.java:793) - Overriding bean definition for bean &apos;redMarkers&apos;: replacing [Generic bean: class [null]; scope=prototype; abstract=false; lazyInit=false; autowireMode=0; dependencyCheck=0; autowireCandidate=true; primary=false; factoryBeanName=gameFactory; factoryMethodName=createMarkers; initMethodName=null; destroyMethodName=null; defined in class path resource [test-model-context.xml]] with [Generic bean: class [null]; scope=prototype; abstract=false; lazyInit=false; autowireMode=0; dependencyCheck=0; autowireCandidate=true; primary=false; factoryBeanName=gameFactory; factoryMethodName=createMarkers; initMethodName=null; destroyMethodName=null; defined in class path resource [test-model-context.xml]]
11 Nov 2014 11:25:32,499  INFO [main] (DefaultListableBeanFactory.java:793) - Overriding bean definition for bean &apos;climbers&apos;: replacing [Generic bean: class [null]; scope=prototype; abstract=false; lazyInit=false; autowireMode=0; dependencyCheck=0; autowireCandidate=true; primary=false; factoryBeanName=gameFactory; factoryMethodName=createClimbers; initMethodName=null; destroyMethodName=null; defined in class path resource [test-model-context.xml]] with [Generic bean: class [null]; scope=prototype; abstract=false; lazyInit=false; autowireMode=0; dependencyCheck=0; autowireCandidate=true; primary=false; factoryBeanName=gameFactory; factoryMethodName=createClimbers; initMethodName=null; destroyMethodName=null; defined in class path resource [test-model-context.xml]]
11 Nov 2014 11:25:32,500  INFO [main] (DefaultListableBeanFactory.java:793) - Overriding bean definition for bean &apos;RedPlayer&apos;: replacing [Generic bean: class [de.vt.cantstop.model.Player]; scope=; abstract=false; lazyInit=false; autowireMode=0; dependencyCheck=0; autowireCandidate=true; primary=false; factoryBeanName=null; factoryMethodName=null; initMethodName=null; destroyMethodName=null; defined in class path resource [test-model-context.xml]] with [Generic bean: class [de.vt.cantstop.model.Player]; scope=; abstract=false; lazyInit=false; autowireMode=0; dependencyCheck=0; autowireCandidate=true; primary=false; factoryBeanName=null; factoryMethodName=null; initMethodName=null; destroyMethodName=null; defined in class path resource [test-model-context.xml]]
11 Nov 2014 11:25:32,505  INFO [main] (DefaultListableBeanFactory.java:793) - Overriding bean definition for bean &apos;YellowPlayer&apos;: replacing [Generic bean: class [de.vt.cantstop.model.Player]; scope=; abstract=false; lazyInit=false; autowireMode=0; dependencyCheck=0; autowireCandidate=true; primary=false; factoryBeanName=null; factoryMethodName=null; initMethodName=null; destroyMethodName=null; defined in class path resource [test-model-context.xml]] with [Generic bean: class [de.vt.cantstop.model.Player]; scope=; abstract=false; lazyInit=false; autowireMode=0; dependencyCheck=0; autowireCandidate=true; primary=false; factoryBeanName=null; factoryMethodName=null; initMethodName=null; destroyMethodName=null; defined in class path resource [test-model-context.xml]]
11 Nov 2014 11:25:32,507  INFO [main] (DefaultListableBeanFactory.java:793) - Overriding bean definition for bean &apos;GreenPlayer&apos;: replacing [Generic bean: class [de.vt.cantstop.model.Player]; scope=; abstract=false; lazyInit=false; autowireMode=0; dependencyCheck=0; autowireCandidate=true; primary=false; factoryBeanName=null; factoryMethodName=null; initMethodName=null; destroyMethodName=null; defined in class path resource [test-model-context.xml]] with [Generic bean: class [de.vt.cantstop.model.Player]; scope=; abstract=false; lazyInit=false; autowireMode=0; dependencyCheck=0; autowireCandidate=true; primary=false; factoryBeanName=null; factoryMethodName=null; initMethodName=null; destroyMethodName=null; defined in class path resource [test-model-context.xml]]
11 Nov 2014 11:25:32,508  INFO [main] (DefaultListableBeanFactory.java:793) - Overriding bean definition for bean &apos;BluePlayer&apos;: replacing [Generic bean: class [de.vt.cantstop.model.Player]; scope=; abstract=false; lazyInit=false; autowireMode=0; dependencyCheck=0; autowireCandidate=true; primary=false; factoryBeanName=null; factoryMethodName=null; initMethodName=null; destroyMethodName=null; defined in class path resource [test-model-context.xml]] with [Generic bean: class [de.vt.cantstop.model.Player]; scope=; abstract=false; lazyInit=false; autowireMode=0; dependencyCheck=0; autowireCandidate=true; primary=false; factoryBeanName=null; factoryMethodName=null; initMethodName=null; destroyMethodName=null; defined in class path resource [test-model-context.xml]]
11 Nov 2014 11:25:32,511  INFO [main] (DefaultListableBeanFactory.java:793) - Overriding bean definition for bean &apos;gameController&apos;: replacing [Generic bean: class [de.vt.cantstop.model.GameController]; scope=prototype; abstract=false; lazyInit=false; autowireMode=0; dependencyCheck=0; autowireCandidate=true; primary=false; factoryBeanName=null; factoryMethodName=null; initMethodName=null; destroyMethodName=null; defined in class path resource [test-model-context.xml]] with [Generic bean: class [de.vt.cantstop.model.GameController]; scope=prototype; abstract=false; lazyInit=false; autowireMode=0; dependencyCheck=0; autowireCandidate=true; primary=false; factoryBeanName=null; factoryMethodName=null; initMethodName=null; destroyMethodName=null; defined in class path resource [test-model-context.xml]]
11 Nov 2014 11:25:32,514  INFO [main] (DefaultListableBeanFactory.java:793) - Overriding bean definition for bean &apos;gameBoard&apos;: replacing [Generic bean: class [null]; scope=; abstract=false; lazyInit=false; autowireMode=0; dependencyCheck=0; autowireCandidate=true; primary=false; factoryBeanName=gameFactory; factoryMethodName=createBoard; initMethodName=null; destroyMethodName=null; defined in class path resource [test-model-context.xml]] with [Generic bean: class [null]; scope=; abstract=false; lazyInit=false; autowireMode=0; dependencyCheck=0; autowireCandidate=true; primary=false; factoryBeanName=gameFactory; factoryMethodName=createBoard; initMethodName=null; destroyMethodName=null; defined in class path resource [test-model-context.xml]]
11 Nov 2014 11:25:32,515  INFO [main] (DefaultListableBeanFactory.java:793) - Overriding bean definition for bean &apos;RedTestPlayer&apos;: replacing [Generic bean: class [de.vt.cantstop.model.Player]; scope=prototype; abstract=false; lazyInit=false; autowireMode=0; dependencyCheck=0; autowireCandidate=true; primary=false; factoryBeanName=null; factoryMethodName=null; initMethodName=null; destroyMethodName=null; defined in class path resource [test-model-context.xml]] with [Generic bean: class [de.vt.cantstop.model.Player]; scope=prototype; abstract=false; lazyInit=false; autowireMode=0; dependencyCheck=0; autowireCandidate=true; primary=false; factoryBeanName=null; factoryMethodName=null; initMethodName=null; destroyMethodName=null; defined in class path resource [test-model-context.xml]]
11 Nov 2014 11:25:32,517  INFO [main] (DefaultListableBeanFactory.java:793) - Overriding bean definition for bean &apos;BlueTestPlayer&apos;: replacing [Generic bean: class [de.vt.cantstop.model.Player]; scope=prototype; abstract=false; lazyInit=false; autowireMode=0; dependencyCheck=0; autowireCandidate=true; primary=false; factoryBeanName=null; factoryMethodName=null; initMethodName=null; destroyMethodName=null; defined in class path resource [test-model-context.xml]] with [Generic bean: class [de.vt.cantstop.model.Player]; scope=prototype; abstract=false; lazyInit=false; autowireMode=0; dependencyCheck=0; autowireCandidate=true; primary=false; factoryBeanName=null; factoryMethodName=null; initMethodName=null; destroyMethodName=null; defined in class path resource [test-model-context.xml]]
11 Nov 2014 11:25:32,519  INFO [main] (DefaultListableBeanFactory.java:793) - Overriding bean definition for bean &apos;testGameController&apos;: replacing [Generic bean: class [de.vt.cantstop.model.GameController]; scope=prototype; abstract=false; lazyInit=false; autowireMode=0; dependencyCheck=0; autowireCandidate=true; primary=false; factoryBeanName=null; factoryMethodName=null; initMethodName=null; destroyMethodName=null; defined in class path resource [test-model-context.xml]] with [Generic bean: class [de.vt.cantstop.model.GameController]; scope=prototype; abstract=false; lazyInit=false; autowireMode=0; dependencyCheck=0; autowireCandidate=true; primary=false; factoryBeanName=null; factoryMethodName=null; initMethodName=null; destroyMethodName=null; defined in class path resource [test-model-context.xml]]
11 Nov 2014 11:25:32,521  INFO [main] (DefaultListableBeanFactory.java:793) - Overriding bean definition for bean &apos;smallBoard&apos;: replacing [Generic bean: class [null]; scope=prototype; abstract=false; lazyInit=false; autowireMode=0; dependencyCheck=0; autowireCandidate=true; primary=false; factoryBeanName=gameFactory; factoryMethodName=createBoard; initMethodName=null; destroyMethodName=null; defined in class path resource [test-model-context.xml]] with [Generic bean: class [null]; scope=prototype; abstract=false; lazyInit=false; autowireMode=0; dependencyCheck=0; autowireCandidate=true; primary=false; factoryBeanName=gameFactory; factoryMethodName=createBoard; initMethodName=null; destroyMethodName=null; defined in class path resource [test-model-context.xml]]
11 Nov 2014 11:25:32,605  INFO [main] (AbstractApplicationContext.java:510) - Refreshing org.springframework.context.support.GenericApplicationContext@46364879: startup date [Tue Nov 11 11:25:32 CET 2014]; root of context hierarchy
11 Nov 2014 11:25:33,051  INFO [main] (DriverManagerDataSource.java:133) - Loaded JDBC driver: org.hsqldb.jdbcDriver
11 Nov 2014 11:25:33,644  INFO [main] (ScriptUtils.java:431) - Executing SQL script from class path resource [schema.sql]
11 Nov 2014 11:25:33,650  INFO [main] (ScriptUtils.java:490) - Executed SQL script from class path resource [schema.sql] in 6 ms.
11 Nov 2014 11:25:33,883  INFO [main] (DiceManager.java:86) - dices were thrown:[4, 6, 2, 1]
</system-out>
    <system-err>SLF4J: Failed to load class &quot;org.slf4j.impl.StaticLoggerBinder&quot;.
SLF4J: Defaulting to no-operation (NOP) logger implementation
SLF4J: See http://www.slf4j.org/codes.html#StaticLoggerBinder for further details.
</system-err>
  </testcase>
  <testcase time="0" classname="de.vt.cantstop.aop.GameRecordAspectTest" name="testRecordFinishTurn">
    <error message="actual status:IN_ROUND expected statuses:[ENOUGH_PLAYER]" type="de.vt.cantstop.model.InvalidGameStateException">de.vt.cantstop.model.InvalidGameStateException: actual status:IN_ROUND expected statuses:[ENOUGH_PLAYER]
	at de.vt.cantstop.model.GameController.checkGameStatus(GameController.java:315)
	at de.vt.cantstop.model.GameController.doGameStart(GameController.java:326)
	at de.vt.cantstop.service.GameServicesWeb.startGame(GameServicesWeb.java:55)
	at de.vt.cantstop.aop.GameRecordAspectTest.testRecordFinishTurn(GameRecordAspectTest.java:44)
	at sun.reflect.NativeMethodAccessorImpl.invoke0(Native Method)
	at sun.reflect.NativeMethodAccessorImpl.invoke(NativeMethodAccessorImpl.java:57)
	at sun.reflect.DelegatingMethodAccessorImpl.invoke(DelegatingMethodAccessorImpl.java:43)
	at java.lang.reflect.Method.invoke(Method.java:606)
	at org.junit.runners.model.FrameworkMethod$1.runReflectiveCall(FrameworkMethod.java:47)
	at org.junit.internal.runners.model.ReflectiveCallable.run(ReflectiveCallable.java:12)
	at org.junit.runners.model.FrameworkMethod.invokeExplosively(FrameworkMethod.java:44)
	at org.junit.internal.runners.statements.InvokeMethod.evaluate(InvokeMethod.java:17)
	at org.springframework.test.context.junit4.statements.RunBeforeTestMethodCallbacks.evaluate(RunBeforeTestMethodCallbacks.java:72)
	at org.springframework.test.context.junit4.statements.RunAfterTestMethodCallbacks.evaluate(RunAfterTestMethodCallbacks.java:81)
	at org.springframework.test.context.junit4.statements.SpringRepeat.evaluate(SpringRepeat.java:72)
	at org.junit.runners.ParentRunner.runLeaf(ParentRunner.java:271)
	at org.springframework.test.context.junit4.SpringJUnit4ClassRunner.runChild(SpringJUnit4ClassRunner.java:216)
	at org.springframework.test.context.junit4.SpringJUnit4ClassRunner.runChild(SpringJUnit4ClassRunner.java:82)
	at org.junit.runners.ParentRunner$3.run(ParentRunner.java:238)
	at org.junit.runners.ParentRunner$1.schedule(ParentRunner.java:63)
	at org.junit.runners.ParentRunner.runChildren(ParentRunner.java:236)
	at org.junit.runners.ParentRunner.access$000(ParentRunner.java:53)
	at org.junit.runners.ParentRunner$2.evaluate(ParentRunner.java:229)
	at org.springframework.test.context.junit4.statements.RunBeforeTestClassCallbacks.evaluate(RunBeforeTestClassCallbacks.java:60)
	at org.springframework.test.context.junit4.statements.RunAfterTestClassCallbacks.evaluate(RunAfterTestClassCallbacks.java:67)
	at org.junit.runners.ParentRunner.run(ParentRunner.java:309)
	at org.springframework.test.context.junit4.SpringJUnit4ClassRunner.run(SpringJUnit4ClassRunner.java:162)
	at org.apache.maven.surefire.junit4.JUnit4TestSet.execute(JUnit4TestSet.java:53)
	at org.apache.maven.surefire.junit4.JUnit4Provider.executeTestSet(JUnit4Provider.java:123)
	at org.apache.maven.surefire.junit4.JUnit4Provider.invoke(JUnit4Provider.java:104)
	at sun.reflect.NativeMethodAccessorImpl.invoke0(Native Method)
	at sun.reflect.NativeMethodAccessorImpl.invoke(NativeMethodAccessorImpl.java:57)
	at sun.reflect.DelegatingMethodAccessorImpl.invoke(DelegatingMethodAccessorImpl.java:43)
	at java.lang.reflect.Method.invoke(Method.java:606)
	at org.apache.maven.surefire.util.ReflectionUtils.invokeMethodWithArray(ReflectionUtils.java:164)
	at org.apache.maven.surefire.booter.ProviderFactory$ProviderProxy.invoke(ProviderFactory.java:110)
	at org.apache.maven.surefire.booter.SurefireStarter.invokeProvider(SurefireStarter.java:175)
	at org.apache.maven.surefire.booter.SurefireStarter.runSuitesInProcessWhenForked(SurefireStarter.java:107)
	at org.apache.maven.surefire.booter.ForkedBooter.main(ForkedBooter.java:68)
</error>
  </testcase>
  <testcase time="0.003" classname="de.vt.cantstop.aop.GameRecordAspectTest" name="testRecordThrowDices">
    <error message="actual status:IN_ROUND expected statuses:[ENOUGH_PLAYER]" type="de.vt.cantstop.model.InvalidGameStateException">de.vt.cantstop.model.InvalidGameStateException: actual status:IN_ROUND expected statuses:[ENOUGH_PLAYER]
	at de.vt.cantstop.model.GameController.checkGameStatus(GameController.java:315)
	at de.vt.cantstop.model.GameController.doGameStart(GameController.java:326)
	at de.vt.cantstop.service.GameServicesWeb.startGame(GameServicesWeb.java:55)
	at de.vt.cantstop.aop.GameRecordAspectTest.testRecordThrowDices(GameRecordAspectTest.java:63)
	at sun.reflect.NativeMethodAccessorImpl.invoke0(Native Method)
	at sun.reflect.NativeMethodAccessorImpl.invoke(NativeMethodAccessorImpl.java:57)
	at sun.reflect.DelegatingMethodAccessorImpl.invoke(DelegatingMethodAccessorImpl.java:43)
	at java.lang.reflect.Method.invoke(Method.java:606)
	at org.junit.runners.model.FrameworkMethod$1.runReflectiveCall(FrameworkMethod.java:47)
	at org.junit.internal.runners.model.ReflectiveCallable.run(ReflectiveCallable.java:12)
	at org.junit.runners.model.FrameworkMethod.invokeExplosively(FrameworkMethod.java:44)
	at org.junit.internal.runners.statements.InvokeMethod.evaluate(InvokeMethod.java:17)
	at org.springframework.test.context.junit4.statements.RunBeforeTestMethodCallbacks.evaluate(RunBeforeTestMethodCallbacks.java:72)
	at org.springframework.test.context.junit4.statements.RunAfterTestMethodCallbacks.evaluate(RunAfterTestMethodCallbacks.java:81)
	at org.springframework.test.context.junit4.statements.SpringRepeat.evaluate(SpringRepeat.java:72)
	at org.junit.runners.ParentRunner.runLeaf(ParentRunner.java:271)
	at org.springframework.test.context.junit4.SpringJUnit4ClassRunner.runChild(SpringJUnit4ClassRunner.java:216)
	at org.springframework.test.context.junit4.SpringJUnit4ClassRunner.runChild(SpringJUnit4ClassRunner.java:82)
	at org.junit.runners.ParentRunner$3.run(ParentRunner.java:238)
	at org.junit.runners.ParentRunner$1.schedule(ParentRunner.java:63)
	at org.junit.runners.ParentRunner.runChildren(ParentRunner.java:236)
	at org.junit.runners.ParentRunner.access$000(ParentRunner.java:53)
	at org.junit.runners.ParentRunner$2.evaluate(ParentRunner.java:229)
	at org.springframework.test.context.junit4.statements.RunBeforeTestClassCallbacks.evaluate(RunBeforeTestClassCallbacks.java:60)
	at org.springframework.test.context.junit4.statements.RunAfterTestClassCallbacks.evaluate(RunAfterTestClassCallbacks.java:67)
	at org.junit.runners.ParentRunner.run(ParentRunner.java:309)
	at org.springframework.test.context.junit4.SpringJUnit4ClassRunner.run(SpringJUnit4ClassRunner.java:162)
	at org.apache.maven.surefire.junit4.JUnit4TestSet.execute(JUnit4TestSet.java:53)
	at org.apache.maven.surefire.junit4.JUnit4Provider.executeTestSet(JUnit4Provider.java:123)
	at org.apache.maven.surefire.junit4.JUnit4Provider.invoke(JUnit4Provider.java:104)
	at sun.reflect.NativeMethodAccessorImpl.invoke0(Native Method)
	at sun.reflect.NativeMethodAccessorImpl.invoke(NativeMethodAccessorImpl.java:57)
	at sun.reflect.DelegatingMethodAccessorImpl.invoke(DelegatingMethodAccessorImpl.java:43)
	at java.lang.reflect.Method.invoke(Method.java:606)
	at org.apache.maven.surefire.util.ReflectionUtils.invokeMethodWithArray(ReflectionUtils.java:164)
	at org.apache.maven.surefire.booter.ProviderFactory$ProviderProxy.invoke(ProviderFactory.java:110)
	at org.apache.maven.surefire.booter.SurefireStarter.invokeProvider(SurefireStarter.java:175)
	at org.apache.maven.surefire.booter.SurefireStarter.runSuitesInProcessWhenForked(SurefireStarter.java:107)
	at org.apache.maven.surefire.booter.ForkedBooter.main(ForkedBooter.java:68)
</error>
  </testcase>
</testsuite>