<?xml version="1.0" encoding="UTF-8"?>

<beans xmlns="http://www.springframework.org/schema/beans"
	xmlns:xsi="http://www.w3.org/2001/XMLSchema-instance"
	xmlns:jdbc="http://www.springframework.org/schema/jdbc" 
	xsi:schemaLocation="
	http://www.springframework.org/schema/beans
	http://www.springframework.org/schema/beans/spring-beans.xsd
	http://www.springframework.org/schema/jdbc 
		http://www.springframework.org/schema/jdbc/spring-jdbc-3.0.xsd">

	<!-- importing the game beans too, to use proper GameTransferObject -->
	<import resource="file:src/cantstopGameBeans.xml"/>

	<!-- initialize the db with the tables -->
	<jdbc:initialize-database data-source="dataSource" ignore-failures="NONE">
    	<jdbc:script location="file:sql/schema.sql" />
	</jdbc:initialize-database>

	<!-- in memory HSQL database -->
	<bean id="dataSource" class="org.springframework.jdbc.datasource.DriverManagerDataSource">
	    <property name="driverClassName" value="org.hsqldb.jdbcDriver" />
	    <property name="url" value="jdbc:hsqldb:mem:paging" />
	    <property name="username" value="sa" />
	    <property name="password" value="" />
	</bean>
	
	<bean id="jdbcTemplate" class="org.springframework.jdbc.core.JdbcTemplate">
		<property name="dataSource" ref="dataSource" />
	</bean>
	
	<bean id="gameInfoDao" class="de.buxi.cantstop.dao.JDBCGameInfoDAO">
		<property name="jdbcTemplate" ref="jdbcTemplate" />
	</bean>
</beans>