<?xml version="1.0" encoding="UTF-8"?>
<beans xmlns="http://www.springframework.org/schema/beans"
	xmlns:xsi="http://www.w3.org/2001/XMLSchema-instance"
	xmlns:context="http://www.springframework.org/schema/context"
	xmlns:aop="http://www.springframework.org/schema/aop"
	xsi:schemaLocation="http://www.springframework.org/schema/beans
		http://www.springframework.org/schema/beans/spring-beans-3.0.xsd
		http://www.springframework.org/schema/context
		http://www.springframework.org/schema/context/spring-context-3.0.xsd
		http://www.springframework.org/schema/aop
		http://www.springframework.org/schema/aop/spring-aop-3.0.xsd">
	

	<!-- importing the game beans too, to use proper GameTransferObject -->
	<import resource="classpath:test-database-context.xml"/>
	<import resource="classpath:test-model-context.xml"/>
	
	<context:component-scan base-package="de.vt.cantstop.service,de.vt.cantstop.aop"/>
	  
	<aop:aspectj-autoproxy/>
	
	<bean id="gameService" class="de.vt.cantstop.service.GameServicesWeb">
		<constructor-arg name="gameController" ref="gameController" />
	</bean>
	
	<bean id="autoplayerRobot" class="de.vt.cantstop.model.AutoPlayerRobot">
		<constructor-arg name="gameService" ref="gameService"/>
	</bean>
</beans>