<?xml version="1.0" encoding="UTF-8"?>
<beans xmlns="http://www.springframework.org/schema/beans"
	xmlns:xsi="http://www.w3.org/2001/XMLSchema-instance"
	xmlns:context="http://www.springframework.org/schema/context"
	xmlns:aop="http://www.springframework.org/schema/aop"
	xsi:schemaLocation="http://www.springframework.org/schema/beans
		http://www.springframework.org/schema/beans/spring-beans.xsd
		http://www.springframework.org/schema/context
		http://www.springframework.org/schema/context/spring-context.xsd
		http://www.springframework.org/schema/aop
		http://www.springframework.org/schema/aop/spring-aop.xsd">
	

	<!-- importing the game beans too, to use proper GameTransferObject -->
	<import resource="classpath:test-database-context.xml"/>
	
	<context:component-scan base-package="de.buxi.cantstop.service,de.buxi.cantstop.aop"/>
	  
	<aop:aspectj-autoproxy/>
	
	<bean id="gameService" scope="prototype" class="de.vt.cantstop.service.GameServicesWeb">
		<constructor-arg name="gameController" ref="gameController" />
	</bean>
</beans>